[2026-02-07T22:47:01.103+0000] {manager.py:470} INFO - Processing files using up to 2 processes at a time 
[2026-02-07T22:47:01.105+0000] {manager.py:471} INFO - Process each file at most once every 30 seconds
[2026-02-07T22:47:01.106+0000] {manager.py:472} INFO - Checking for new files in /opt/airflow/dags every 300 seconds
[2026-02-07T22:47:01.107+0000] {manager.py:737} INFO - Searching for files in /opt/airflow/dags
[2026-02-07T22:47:01.112+0000] {manager.py:740} INFO - There are 0 files in /opt/airflow/dags
[2026-02-07T22:51:37.826+0000] {manager.py:452} INFO - Exiting gracefully upon receiving signal 15
[2026-02-07T22:51:46.886+0000] {manager.py:470} INFO - Processing files using up to 2 processes at a time 
[2026-02-07T22:51:46.887+0000] {manager.py:471} INFO - Process each file at most once every 30 seconds
[2026-02-07T22:51:46.888+0000] {manager.py:472} INFO - Checking for new files in /opt/airflow/dags every 300 seconds
[2026-02-07T22:51:46.889+0000] {manager.py:737} INFO - Searching for files in /opt/airflow/dags
[2026-02-07T22:51:46.899+0000] {manager.py:740} INFO - There are 1 files in /opt/airflow/dags
[2026-02-07T22:51:47.030+0000] {manager.py:878} INFO - 
================================================================================
DAG File Processing Stats

File Path                              PID  Runtime      # DAGs    # Errors  Last Runtime    Last Run
-----------------------------------  -----  ---------  --------  ----------  --------------  ----------
/opt/airflow/dags/ex6_smoke_test.py    172  0.08s             0           0
================================================================================
[2026-02-07T22:52:15.037+0000] {manager.py:878} INFO - 
================================================================================
DAG File Processing Stats

File Path                            PID    Runtime      # DAGs    # Errors  Last Runtime    Last Run
-----------------------------------  -----  ---------  --------  ----------  --------------  -------------------
/opt/airflow/dags/ex6_smoke_test.py                           1           0  0.44s           2026-02-07T22:51:47
================================================================================
[2026-02-07T22:52:43.098+0000] {manager.py:878} INFO - 
================================================================================
DAG File Processing Stats

File Path                            PID    Runtime      # DAGs    # Errors  Last Runtime    Last Run
-----------------------------------  -----  ---------  --------  ----------  --------------  -------------------
/opt/airflow/dags/ex6_smoke_test.py                           1           0  0.13s           2026-02-07T22:52:18
================================================================================
[2026-02-07T22:53:11.289+0000] {manager.py:878} INFO - 
================================================================================
DAG File Processing Stats

File Path                            PID    Runtime      # DAGs    # Errors  Last Runtime    Last Run
-----------------------------------  -----  ---------  --------  ----------  --------------  -------------------
/opt/airflow/dags/ex6_smoke_test.py                           1           0  0.16s           2026-02-07T22:52:48
================================================================================
[2026-02-07T22:53:39.353+0000] {manager.py:878} INFO - 
================================================================================
DAG File Processing Stats

File Path                            PID    Runtime      # DAGs    # Errors  Last Runtime    Last Run
-----------------------------------  -----  ---------  --------  ----------  --------------  -------------------
/opt/airflow/dags/ex6_smoke_test.py                           1           0  0.14s           2026-02-07T22:53:19
================================================================================
[2026-02-07T22:54:07.250+0000] {manager.py:878} INFO - 
================================================================================
DAG File Processing Stats

File Path                            PID    Runtime      # DAGs    # Errors  Last Runtime    Last Run
-----------------------------------  -----  ---------  --------  ----------  --------------  -------------------
/opt/airflow/dags/ex6_smoke_test.py                           1           0  0.12s           2026-02-07T22:53:49
================================================================================
[2026-02-07T22:54:35.136+0000] {manager.py:878} INFO - 
================================================================================
DAG File Processing Stats

File Path                            PID    Runtime      # DAGs    # Errors  Last Runtime    Last Run
-----------------------------------  -----  ---------  --------  ----------  --------------  -------------------
/opt/airflow/dags/ex6_smoke_test.py                           1           0  0.13s           2026-02-07T22:54:20
================================================================================
[2026-02-07T22:55:02.776+0000] {manager.py:878} INFO - 
================================================================================
DAG File Processing Stats

File Path                            PID    Runtime      # DAGs    # Errors  Last Runtime    Last Run
-----------------------------------  -----  ---------  --------  ----------  --------------  -------------------
/opt/airflow/dags/ex6_smoke_test.py                           1           0  0.13s           2026-02-07T22:54:51
================================================================================
[2026-02-07T22:55:30.389+0000] {manager.py:878} INFO - 
================================================================================
DAG File Processing Stats

File Path                            PID    Runtime      # DAGs    # Errors  Last Runtime    Last Run
-----------------------------------  -----  ---------  --------  ----------  --------------  -------------------
/opt/airflow/dags/ex6_smoke_test.py                           1           0  0.15s           2026-02-07T22:55:22
================================================================================
[2026-02-07T22:55:58.096+0000] {manager.py:878} INFO - 
================================================================================
DAG File Processing Stats

File Path                            PID    Runtime      # DAGs    # Errors  Last Runtime    Last Run
-----------------------------------  -----  ---------  --------  ----------  --------------  -------------------
/opt/airflow/dags/ex6_smoke_test.py                           1           0  0.14s           2026-02-07T22:55:53
================================================================================
[2026-02-07T22:56:25.726+0000] {manager.py:878} INFO - 
================================================================================
DAG File Processing Stats

File Path                            PID    Runtime      # DAGs    # Errors  Last Runtime    Last Run
-----------------------------------  -----  ---------  --------  ----------  --------------  -------------------
/opt/airflow/dags/ex6_smoke_test.py                           1           0  0.14s           2026-02-07T22:56:23
================================================================================
[2026-02-07T22:56:47.517+0000] {manager.py:737} INFO - Searching for files in /opt/airflow/dags
[2026-02-07T22:56:47.538+0000] {manager.py:740} INFO - There are 1 files in /opt/airflow/dags
[2026-02-07T22:56:53.214+0000] {manager.py:878} INFO - 
================================================================================
DAG File Processing Stats

File Path                            PID    Runtime      # DAGs    # Errors  Last Runtime    Last Run
-----------------------------------  -----  ---------  --------  ----------  --------------  -------------------
/opt/airflow/dags/ex6_smoke_test.py                           1           0  0.14s           2026-02-07T22:56:23
================================================================================
[2026-02-07T22:57:18.645+0000] {manager.py:878} INFO - 
================================================================================
DAG File Processing Stats

File Path                            PID    Runtime      # DAGs    # Errors  Last Runtime    Last Run
-----------------------------------  -----  ---------  --------  ----------  --------------  -------------------
/opt/airflow/dags/ex6_smoke_test.py                           1           0  0.14s           2026-02-07T22:56:54
================================================================================
[2026-02-07T22:57:46.266+0000] {manager.py:878} INFO - 
================================================================================
DAG File Processing Stats

File Path                            PID    Runtime      # DAGs    # Errors  Last Runtime    Last Run
-----------------------------------  -----  ---------  --------  ----------  --------------  -------------------
/opt/airflow/dags/ex6_smoke_test.py                           1           0  0.14s           2026-02-07T22:57:24
================================================================================
[2026-02-07T22:58:13.880+0000] {manager.py:878} INFO - 
================================================================================
DAG File Processing Stats

File Path                            PID    Runtime      # DAGs    # Errors  Last Runtime    Last Run
-----------------------------------  -----  ---------  --------  ----------  --------------  -------------------
/opt/airflow/dags/ex6_smoke_test.py                           1           0  0.14s           2026-02-07T22:57:55
================================================================================
[2026-02-07T22:58:41.509+0000] {manager.py:878} INFO - 
================================================================================
DAG File Processing Stats

File Path                            PID    Runtime      # DAGs    # Errors  Last Runtime    Last Run
-----------------------------------  -----  ---------  --------  ----------  --------------  -------------------
/opt/airflow/dags/ex6_smoke_test.py                           1           0  0.13s           2026-02-07T22:58:26
================================================================================
[2026-02-07T22:59:09.198+0000] {manager.py:878} INFO - 
================================================================================
DAG File Processing Stats

File Path                            PID    Runtime      # DAGs    # Errors  Last Runtime    Last Run
-----------------------------------  -----  ---------  --------  ----------  --------------  -------------------
/opt/airflow/dags/ex6_smoke_test.py                           1           0  0.14s           2026-02-07T22:58:56
================================================================================
[2026-02-07T22:59:37.052+0000] {manager.py:878} INFO - 
================================================================================
DAG File Processing Stats

File Path                            PID    Runtime      # DAGs    # Errors  Last Runtime    Last Run
-----------------------------------  -----  ---------  --------  ----------  --------------  -------------------
/opt/airflow/dags/ex6_smoke_test.py                           1           0  0.13s           2026-02-07T22:59:27
================================================================================
[2026-02-07T23:00:04.719+0000] {manager.py:878} INFO - 
================================================================================
DAG File Processing Stats

File Path                            PID    Runtime      # DAGs    # Errors  Last Runtime    Last Run
-----------------------------------  -----  ---------  --------  ----------  --------------  -------------------
/opt/airflow/dags/ex6_smoke_test.py                           1           0  0.15s           2026-02-07T22:59:58
================================================================================
[2026-02-07T23:00:32.582+0000] {manager.py:878} INFO - 
================================================================================
DAG File Processing Stats

File Path                            PID    Runtime      # DAGs    # Errors  Last Runtime    Last Run
-----------------------------------  -----  ---------  --------  ----------  --------------  -------------------
/opt/airflow/dags/ex6_smoke_test.py                           1           0  0.14s           2026-02-07T23:00:29
================================================================================
[2026-02-07T23:01:00.109+0000] {manager.py:878} INFO - 
================================================================================
DAG File Processing Stats

File Path                              PID  Runtime      # DAGs    # Errors  Last Runtime    Last Run
-----------------------------------  -----  ---------  --------  ----------  --------------  -------------------
/opt/airflow/dags/ex6_smoke_test.py    271  0.00s             1           0  0.14s           2026-02-07T23:00:29
================================================================================
[2026-02-07T23:01:27.700+0000] {manager.py:878} INFO - 
================================================================================
DAG File Processing Stats

File Path                            PID    Runtime      # DAGs    # Errors  Last Runtime    Last Run
-----------------------------------  -----  ---------  --------  ----------  --------------  -------------------
/opt/airflow/dags/ex6_smoke_test.py                           1           0  0.17s           2026-02-07T23:01:00
================================================================================
[2026-02-07T23:01:47.900+0000] {manager.py:737} INFO - Searching for files in /opt/airflow/dags
[2026-02-07T23:01:47.929+0000] {manager.py:740} INFO - There are 1 files in /opt/airflow/dags
[2026-02-07T23:01:53.696+0000] {manager.py:452} INFO - Exiting gracefully upon receiving signal 15
[2026-02-07T23:02:04.075+0000] {manager.py:470} INFO - Processing files using up to 2 processes at a time 
[2026-02-07T23:02:04.077+0000] {manager.py:471} INFO - Process each file at most once every 30 seconds
[2026-02-07T23:02:04.078+0000] {manager.py:472} INFO - Checking for new files in /opt/airflow/dags every 300 seconds
[2026-02-07T23:02:04.079+0000] {manager.py:737} INFO - Searching for files in /opt/airflow/dags
[2026-02-07T23:02:04.108+0000] {manager.py:740} INFO - There are 2 files in /opt/airflow/dags
[2026-02-07T23:02:04.552+0000] {manager.py:878} INFO - 
================================================================================
DAG File Processing Stats

File Path                              PID  Runtime      # DAGs    # Errors  Last Runtime    Last Run
-----------------------------------  -----  ---------  --------  ----------  --------------  ----------
/opt/airflow/dags/ex6_pipeline.py      172  0.07s             0           0
/opt/airflow/dags/ex6_smoke_test.py    175  0.05s             0           0
================================================================================
[2026-02-07T23:02:32.530+0000] {manager.py:878} INFO - 
================================================================================
DAG File Processing Stats

File Path                            PID    Runtime      # DAGs    # Errors  Last Runtime    Last Run
-----------------------------------  -----  ---------  --------  ----------  --------------  -------------------
/opt/airflow/dags/ex6_pipeline.py                             1           0  0.30s           2026-02-07T23:02:04
/opt/airflow/dags/ex6_smoke_test.py                           1           0  0.15s           2026-02-07T23:02:04
================================================================================
[2026-02-07T23:03:00.015+0000] {manager.py:878} INFO - 
================================================================================
DAG File Processing Stats

File Path                            PID    Runtime      # DAGs    # Errors  Last Runtime    Last Run
-----------------------------------  -----  ---------  --------  ----------  --------------  -------------------
/opt/airflow/dags/ex6_pipeline.py                             1           0  0.14s           2026-02-07T23:02:35
/opt/airflow/dags/ex6_smoke_test.py                           1           0  0.13s           2026-02-07T23:02:35
================================================================================
[2026-02-07T23:03:27.903+0000] {manager.py:878} INFO - 
================================================================================
DAG File Processing Stats

File Path                            PID    Runtime      # DAGs    # Errors  Last Runtime    Last Run
-----------------------------------  -----  ---------  --------  ----------  --------------  -------------------
/opt/airflow/dags/ex6_pipeline.py                             1           0  0.13s           2026-02-07T23:03:06
/opt/airflow/dags/ex6_smoke_test.py                           1           0  0.12s           2026-02-07T23:03:06
================================================================================
[2026-02-07T23:03:56.035+0000] {manager.py:878} INFO - 
================================================================================
DAG File Processing Stats

File Path                            PID    Runtime      # DAGs    # Errors  Last Runtime    Last Run
-----------------------------------  -----  ---------  --------  ----------  --------------  -------------------
/opt/airflow/dags/ex6_pipeline.py                             1           0  0.14s           2026-02-07T23:03:37
/opt/airflow/dags/ex6_smoke_test.py                           1           0  0.13s           2026-02-07T23:03:37
================================================================================
[2026-02-07T23:04:23.992+0000] {manager.py:878} INFO - 
================================================================================
DAG File Processing Stats

File Path                            PID    Runtime      # DAGs    # Errors  Last Runtime    Last Run
-----------------------------------  -----  ---------  --------  ----------  --------------  -------------------
/opt/airflow/dags/ex6_pipeline.py                             1           0  0.13s           2026-02-07T23:04:07
/opt/airflow/dags/ex6_smoke_test.py                           1           0  0.12s           2026-02-07T23:04:07
================================================================================
[2026-02-07T23:04:51.783+0000] {manager.py:878} INFO - 
================================================================================
DAG File Processing Stats

File Path                            PID    Runtime      # DAGs    # Errors  Last Runtime    Last Run
-----------------------------------  -----  ---------  --------  ----------  --------------  -------------------
/opt/airflow/dags/ex6_pipeline.py                             1           0  0.13s           2026-02-07T23:04:38
/opt/airflow/dags/ex6_smoke_test.py                           1           0  0.13s           2026-02-07T23:04:38
================================================================================
[2026-02-07T23:05:19.857+0000] {manager.py:878} INFO - 
================================================================================
DAG File Processing Stats

File Path                            PID    Runtime      # DAGs    # Errors  Last Runtime    Last Run
-----------------------------------  -----  ---------  --------  ----------  --------------  -------------------
/opt/airflow/dags/ex6_pipeline.py                             1           0  0.13s           2026-02-07T23:05:09
/opt/airflow/dags/ex6_smoke_test.py                           1           0  0.12s           2026-02-07T23:05:09
================================================================================
[2026-02-07T23:05:47.970+0000] {manager.py:878} INFO - 
================================================================================
DAG File Processing Stats

File Path                            PID    Runtime      # DAGs    # Errors  Last Runtime    Last Run
-----------------------------------  -----  ---------  --------  ----------  --------------  -------------------
/opt/airflow/dags/ex6_pipeline.py                             1           0  0.13s           2026-02-07T23:05:39
/opt/airflow/dags/ex6_smoke_test.py                           1           0  0.12s           2026-02-07T23:05:39
================================================================================
[2026-02-07T23:06:15.822+0000] {manager.py:878} INFO - 
================================================================================
DAG File Processing Stats

File Path                            PID    Runtime      # DAGs    # Errors  Last Runtime    Last Run
-----------------------------------  -----  ---------  --------  ----------  --------------  -------------------
/opt/airflow/dags/ex6_pipeline.py                             1           0  0.12s           2026-02-07T23:06:10
/opt/airflow/dags/ex6_smoke_test.py                           1           0  0.12s           2026-02-07T23:06:10
================================================================================
[2026-02-07T23:06:43.561+0000] {manager.py:878} INFO - 
================================================================================
DAG File Processing Stats

File Path                            PID    Runtime      # DAGs    # Errors  Last Runtime    Last Run
-----------------------------------  -----  ---------  --------  ----------  --------------  -------------------
/opt/airflow/dags/ex6_pipeline.py                             1           0  0.12s           2026-02-07T23:06:41
/opt/airflow/dags/ex6_smoke_test.py                           1           0  0.12s           2026-02-07T23:06:41
================================================================================
[2026-02-07T23:07:04.117+0000] {manager.py:737} INFO - Searching for files in /opt/airflow/dags
[2026-02-07T23:07:04.145+0000] {manager.py:740} INFO - There are 2 files in /opt/airflow/dags
[2026-02-07T23:07:11.321+0000] {manager.py:878} INFO - 
================================================================================
DAG File Processing Stats

File Path                            PID    Runtime      # DAGs    # Errors  Last Runtime    Last Run
-----------------------------------  -----  ---------  --------  ----------  --------------  -------------------
/opt/airflow/dags/ex6_pipeline.py                             1           0  0.12s           2026-02-07T23:06:41
/opt/airflow/dags/ex6_smoke_test.py                           1           0  0.12s           2026-02-07T23:06:41
================================================================================
[2026-02-07T23:07:39.009+0000] {manager.py:878} INFO - 
================================================================================
DAG File Processing Stats

File Path                            PID    Runtime      # DAGs    # Errors  Last Runtime    Last Run
-----------------------------------  -----  ---------  --------  ----------  --------------  -------------------
/opt/airflow/dags/ex6_pipeline.py                             1           0  0.12s           2026-02-07T23:07:12
/opt/airflow/dags/ex6_smoke_test.py                           1           0  0.12s           2026-02-07T23:07:12
================================================================================
[2026-02-07T23:08:06.729+0000] {manager.py:878} INFO - 
================================================================================
DAG File Processing Stats

File Path                            PID    Runtime      # DAGs    # Errors  Last Runtime    Last Run
-----------------------------------  -----  ---------  --------  ----------  --------------  -------------------
/opt/airflow/dags/ex6_pipeline.py                             1           0  0.14s           2026-02-07T23:07:43
/opt/airflow/dags/ex6_smoke_test.py                           1           0  0.13s           2026-02-07T23:07:43
================================================================================
[2026-02-07T23:08:34.448+0000] {manager.py:878} INFO - 
================================================================================
DAG File Processing Stats

File Path                            PID    Runtime      # DAGs    # Errors  Last Runtime    Last Run
-----------------------------------  -----  ---------  --------  ----------  --------------  -------------------
/opt/airflow/dags/ex6_pipeline.py                             1           0  0.13s           2026-02-07T23:08:13
/opt/airflow/dags/ex6_smoke_test.py                           1           0  0.12s           2026-02-07T23:08:13
================================================================================
[2026-02-07T23:09:02.449+0000] {manager.py:878} INFO - 
================================================================================
DAG File Processing Stats

File Path                            PID    Runtime      # DAGs    # Errors  Last Runtime    Last Run
-----------------------------------  -----  ---------  --------  ----------  --------------  -------------------
/opt/airflow/dags/ex6_pipeline.py                             1           0  0.13s           2026-02-07T23:08:44
/opt/airflow/dags/ex6_smoke_test.py                           1           0  0.12s           2026-02-07T23:08:44
================================================================================
[2026-02-07T23:09:30.646+0000] {manager.py:878} INFO - 
================================================================================
DAG File Processing Stats

File Path                            PID    Runtime      # DAGs    # Errors  Last Runtime    Last Run
-----------------------------------  -----  ---------  --------  ----------  --------------  -------------------
/opt/airflow/dags/ex6_pipeline.py                             1           0  0.12s           2026-02-07T23:09:15
/opt/airflow/dags/ex6_smoke_test.py                           1           0  0.12s           2026-02-07T23:09:15
================================================================================
[2026-02-07T23:09:58.333+0000] {manager.py:878} INFO - 
================================================================================
DAG File Processing Stats

File Path                            PID    Runtime      # DAGs    # Errors  Last Runtime    Last Run
-----------------------------------  -----  ---------  --------  ----------  --------------  -------------------
/opt/airflow/dags/ex6_pipeline.py                             1           0  0.12s           2026-02-07T23:09:45
/opt/airflow/dags/ex6_smoke_test.py                           1           0  0.11s           2026-02-07T23:09:45
================================================================================
[2026-02-07T23:10:26.316+0000] {manager.py:878} INFO - 
================================================================================
DAG File Processing Stats

File Path                            PID    Runtime      # DAGs    # Errors  Last Runtime    Last Run
-----------------------------------  -----  ---------  --------  ----------  --------------  -------------------
/opt/airflow/dags/ex6_pipeline.py                             1           0  0.13s           2026-02-07T23:10:16
/opt/airflow/dags/ex6_smoke_test.py                           1           0  0.12s           2026-02-07T23:10:16
================================================================================
[2026-02-07T23:10:54.085+0000] {manager.py:878} INFO - 
================================================================================
DAG File Processing Stats

File Path                            PID    Runtime      # DAGs    # Errors  Last Runtime    Last Run
-----------------------------------  -----  ---------  --------  ----------  --------------  -------------------
/opt/airflow/dags/ex6_pipeline.py                             1           0  0.13s           2026-02-07T23:10:47
/opt/airflow/dags/ex6_smoke_test.py                           1           0  0.12s           2026-02-07T23:10:47
================================================================================
[2026-02-07T23:10:59.254+0000] {manager.py:452} INFO - Exiting gracefully upon receiving signal 15
