[2026-02-07T23:02:04.512+0000] {processor.py:161} INFO - Started process (PID=172) to work on /opt/airflow/dags/ex6_pipeline.py
[2026-02-07T23:02:04.513+0000] {processor.py:830} INFO - Processing file /opt/airflow/dags/ex6_pipeline.py for tasks to queue
[2026-02-07T23:02:04.516+0000] {logging_mixin.py:188} INFO - [2026-02-07T23:02:04.516+0000] {dagbag.py:545} INFO - Filling up the DagBag from /opt/airflow/dags/ex6_pipeline.py
[2026-02-07T23:02:04.550+0000] {processor.py:840} INFO - DAG(s) 'ex6_pipeline' retrieved from /opt/airflow/dags/ex6_pipeline.py
[2026-02-07T23:02:04.712+0000] {logging_mixin.py:188} INFO - [2026-02-07T23:02:04.711+0000] {override.py:1858} INFO - Created Permission View: can edit on DAG:ex6_pipeline
[2026-02-07T23:02:04.722+0000] {logging_mixin.py:188} INFO - [2026-02-07T23:02:04.722+0000] {override.py:1858} INFO - Created Permission View: can delete on DAG:ex6_pipeline
[2026-02-07T23:02:04.730+0000] {logging_mixin.py:188} INFO - [2026-02-07T23:02:04.730+0000] {override.py:1858} INFO - Created Permission View: can read on DAG:ex6_pipeline
[2026-02-07T23:02:04.731+0000] {logging_mixin.py:188} INFO - [2026-02-07T23:02:04.731+0000] {dag.py:3089} INFO - Sync 1 DAGs
[2026-02-07T23:02:04.742+0000] {logging_mixin.py:188} INFO - [2026-02-07T23:02:04.742+0000] {dag.py:3111} INFO - Creating ORM DAG for ex6_pipeline
[2026-02-07T23:02:04.743+0000] {logging_mixin.py:188} INFO - [2026-02-07T23:02:04.743+0000] {dag.py:3947} INFO - Setting next_dagrun for ex6_pipeline to None, run_after=None
[2026-02-07T23:02:04.761+0000] {processor.py:183} INFO - Processing /opt/airflow/dags/ex6_pipeline.py took 0.257 seconds
[2026-02-07T23:02:35.740+0000] {processor.py:161} INFO - Started process (PID=184) to work on /opt/airflow/dags/ex6_pipeline.py
[2026-02-07T23:02:35.742+0000] {processor.py:830} INFO - Processing file /opt/airflow/dags/ex6_pipeline.py for tasks to queue
[2026-02-07T23:02:35.745+0000] {logging_mixin.py:188} INFO - [2026-02-07T23:02:35.744+0000] {dagbag.py:545} INFO - Filling up the DagBag from /opt/airflow/dags/ex6_pipeline.py
[2026-02-07T23:02:35.766+0000] {processor.py:840} INFO - DAG(s) 'ex6_pipeline' retrieved from /opt/airflow/dags/ex6_pipeline.py
[2026-02-07T23:02:35.803+0000] {logging_mixin.py:188} INFO - [2026-02-07T23:02:35.803+0000] {dag.py:3089} INFO - Sync 1 DAGs
[2026-02-07T23:02:35.816+0000] {logging_mixin.py:188} INFO - [2026-02-07T23:02:35.816+0000] {dag.py:3947} INFO - Setting next_dagrun for ex6_pipeline to None, run_after=None
[2026-02-07T23:02:35.836+0000] {processor.py:183} INFO - Processing /opt/airflow/dags/ex6_pipeline.py took 0.104 seconds
[2026-02-07T23:03:06.177+0000] {processor.py:161} INFO - Started process (PID=194) to work on /opt/airflow/dags/ex6_pipeline.py
[2026-02-07T23:03:06.178+0000] {processor.py:830} INFO - Processing file /opt/airflow/dags/ex6_pipeline.py for tasks to queue
[2026-02-07T23:03:06.180+0000] {logging_mixin.py:188} INFO - [2026-02-07T23:03:06.180+0000] {dagbag.py:545} INFO - Filling up the DagBag from /opt/airflow/dags/ex6_pipeline.py
[2026-02-07T23:03:06.207+0000] {processor.py:840} INFO - DAG(s) 'ex6_pipeline' retrieved from /opt/airflow/dags/ex6_pipeline.py
[2026-02-07T23:03:06.239+0000] {logging_mixin.py:188} INFO - [2026-02-07T23:03:06.238+0000] {dag.py:3089} INFO - Sync 1 DAGs
[2026-02-07T23:03:06.251+0000] {logging_mixin.py:188} INFO - [2026-02-07T23:03:06.250+0000] {dag.py:3947} INFO - Setting next_dagrun for ex6_pipeline to None, run_after=None
[2026-02-07T23:03:06.268+0000] {processor.py:183} INFO - Processing /opt/airflow/dags/ex6_pipeline.py took 0.098 seconds
[2026-02-07T23:03:37.013+0000] {processor.py:161} INFO - Started process (PID=204) to work on /opt/airflow/dags/ex6_pipeline.py
[2026-02-07T23:03:37.014+0000] {processor.py:830} INFO - Processing file /opt/airflow/dags/ex6_pipeline.py for tasks to queue
[2026-02-07T23:03:37.018+0000] {logging_mixin.py:188} INFO - [2026-02-07T23:03:37.017+0000] {dagbag.py:545} INFO - Filling up the DagBag from /opt/airflow/dags/ex6_pipeline.py
[2026-02-07T23:03:37.040+0000] {processor.py:840} INFO - DAG(s) 'ex6_pipeline' retrieved from /opt/airflow/dags/ex6_pipeline.py
[2026-02-07T23:03:37.076+0000] {logging_mixin.py:188} INFO - [2026-02-07T23:03:37.076+0000] {dag.py:3089} INFO - Sync 1 DAGs
[2026-02-07T23:03:37.090+0000] {logging_mixin.py:188} INFO - [2026-02-07T23:03:37.089+0000] {dag.py:3947} INFO - Setting next_dagrun for ex6_pipeline to None, run_after=None
[2026-02-07T23:03:37.108+0000] {processor.py:183} INFO - Processing /opt/airflow/dags/ex6_pipeline.py took 0.104 seconds
[2026-02-07T23:04:07.393+0000] {processor.py:161} INFO - Started process (PID=214) to work on /opt/airflow/dags/ex6_pipeline.py
[2026-02-07T23:04:07.394+0000] {processor.py:830} INFO - Processing file /opt/airflow/dags/ex6_pipeline.py for tasks to queue
[2026-02-07T23:04:07.396+0000] {logging_mixin.py:188} INFO - [2026-02-07T23:04:07.396+0000] {dagbag.py:545} INFO - Filling up the DagBag from /opt/airflow/dags/ex6_pipeline.py
[2026-02-07T23:04:07.417+0000] {processor.py:840} INFO - DAG(s) 'ex6_pipeline' retrieved from /opt/airflow/dags/ex6_pipeline.py
[2026-02-07T23:04:07.452+0000] {logging_mixin.py:188} INFO - [2026-02-07T23:04:07.451+0000] {dag.py:3089} INFO - Sync 1 DAGs
[2026-02-07T23:04:07.465+0000] {logging_mixin.py:188} INFO - [2026-02-07T23:04:07.464+0000] {dag.py:3947} INFO - Setting next_dagrun for ex6_pipeline to None, run_after=None
[2026-02-07T23:04:07.484+0000] {processor.py:183} INFO - Processing /opt/airflow/dags/ex6_pipeline.py took 0.095 seconds
[2026-02-07T23:04:38.518+0000] {processor.py:161} INFO - Started process (PID=224) to work on /opt/airflow/dags/ex6_pipeline.py
[2026-02-07T23:04:38.519+0000] {processor.py:830} INFO - Processing file /opt/airflow/dags/ex6_pipeline.py for tasks to queue
[2026-02-07T23:04:38.521+0000] {logging_mixin.py:188} INFO - [2026-02-07T23:04:38.521+0000] {dagbag.py:545} INFO - Filling up the DagBag from /opt/airflow/dags/ex6_pipeline.py
[2026-02-07T23:04:38.542+0000] {processor.py:840} INFO - DAG(s) 'ex6_pipeline' retrieved from /opt/airflow/dags/ex6_pipeline.py
[2026-02-07T23:04:38.578+0000] {logging_mixin.py:188} INFO - [2026-02-07T23:04:38.578+0000] {dag.py:3089} INFO - Sync 1 DAGs
[2026-02-07T23:04:38.592+0000] {logging_mixin.py:188} INFO - [2026-02-07T23:04:38.592+0000] {dag.py:3947} INFO - Setting next_dagrun for ex6_pipeline to None, run_after=None
[2026-02-07T23:04:38.613+0000] {processor.py:183} INFO - Processing /opt/airflow/dags/ex6_pipeline.py took 0.101 seconds
[2026-02-07T23:05:09.373+0000] {processor.py:161} INFO - Started process (PID=234) to work on /opt/airflow/dags/ex6_pipeline.py
[2026-02-07T23:05:09.374+0000] {processor.py:830} INFO - Processing file /opt/airflow/dags/ex6_pipeline.py for tasks to queue
[2026-02-07T23:05:09.376+0000] {logging_mixin.py:188} INFO - [2026-02-07T23:05:09.376+0000] {dagbag.py:545} INFO - Filling up the DagBag from /opt/airflow/dags/ex6_pipeline.py
[2026-02-07T23:05:09.396+0000] {processor.py:840} INFO - DAG(s) 'ex6_pipeline' retrieved from /opt/airflow/dags/ex6_pipeline.py
[2026-02-07T23:05:09.432+0000] {logging_mixin.py:188} INFO - [2026-02-07T23:05:09.432+0000] {dag.py:3089} INFO - Sync 1 DAGs
[2026-02-07T23:05:09.446+0000] {logging_mixin.py:188} INFO - [2026-02-07T23:05:09.446+0000] {dag.py:3947} INFO - Setting next_dagrun for ex6_pipeline to None, run_after=None
[2026-02-07T23:05:09.464+0000] {processor.py:183} INFO - Processing /opt/airflow/dags/ex6_pipeline.py took 0.096 seconds
[2026-02-07T23:05:39.765+0000] {processor.py:161} INFO - Started process (PID=244) to work on /opt/airflow/dags/ex6_pipeline.py
[2026-02-07T23:05:39.766+0000] {processor.py:830} INFO - Processing file /opt/airflow/dags/ex6_pipeline.py for tasks to queue
[2026-02-07T23:05:39.768+0000] {logging_mixin.py:188} INFO - [2026-02-07T23:05:39.768+0000] {dagbag.py:545} INFO - Filling up the DagBag from /opt/airflow/dags/ex6_pipeline.py
[2026-02-07T23:05:39.788+0000] {processor.py:840} INFO - DAG(s) 'ex6_pipeline' retrieved from /opt/airflow/dags/ex6_pipeline.py
[2026-02-07T23:05:39.822+0000] {logging_mixin.py:188} INFO - [2026-02-07T23:05:39.822+0000] {dag.py:3089} INFO - Sync 1 DAGs
[2026-02-07T23:05:39.835+0000] {logging_mixin.py:188} INFO - [2026-02-07T23:05:39.835+0000] {dag.py:3947} INFO - Setting next_dagrun for ex6_pipeline to None, run_after=None
[2026-02-07T23:05:39.853+0000] {processor.py:183} INFO - Processing /opt/airflow/dags/ex6_pipeline.py took 0.093 seconds
[2026-02-07T23:06:10.602+0000] {processor.py:161} INFO - Started process (PID=254) to work on /opt/airflow/dags/ex6_pipeline.py
[2026-02-07T23:06:10.603+0000] {processor.py:830} INFO - Processing file /opt/airflow/dags/ex6_pipeline.py for tasks to queue
[2026-02-07T23:06:10.605+0000] {logging_mixin.py:188} INFO - [2026-02-07T23:06:10.604+0000] {dagbag.py:545} INFO - Filling up the DagBag from /opt/airflow/dags/ex6_pipeline.py
[2026-02-07T23:06:10.623+0000] {processor.py:840} INFO - DAG(s) 'ex6_pipeline' retrieved from /opt/airflow/dags/ex6_pipeline.py
[2026-02-07T23:06:10.651+0000] {logging_mixin.py:188} INFO - [2026-02-07T23:06:10.651+0000] {dag.py:3089} INFO - Sync 1 DAGs
[2026-02-07T23:06:10.663+0000] {logging_mixin.py:188} INFO - [2026-02-07T23:06:10.663+0000] {dag.py:3947} INFO - Setting next_dagrun for ex6_pipeline to None, run_after=None
[2026-02-07T23:06:10.681+0000] {processor.py:183} INFO - Processing /opt/airflow/dags/ex6_pipeline.py took 0.084 seconds
[2026-02-07T23:06:41.422+0000] {processor.py:161} INFO - Started process (PID=264) to work on /opt/airflow/dags/ex6_pipeline.py
[2026-02-07T23:06:41.423+0000] {processor.py:830} INFO - Processing file /opt/airflow/dags/ex6_pipeline.py for tasks to queue
[2026-02-07T23:06:41.425+0000] {logging_mixin.py:188} INFO - [2026-02-07T23:06:41.425+0000] {dagbag.py:545} INFO - Filling up the DagBag from /opt/airflow/dags/ex6_pipeline.py
[2026-02-07T23:06:41.443+0000] {processor.py:840} INFO - DAG(s) 'ex6_pipeline' retrieved from /opt/airflow/dags/ex6_pipeline.py
[2026-02-07T23:06:41.473+0000] {logging_mixin.py:188} INFO - [2026-02-07T23:06:41.473+0000] {dag.py:3089} INFO - Sync 1 DAGs
[2026-02-07T23:06:41.485+0000] {logging_mixin.py:188} INFO - [2026-02-07T23:06:41.485+0000] {dag.py:3947} INFO - Setting next_dagrun for ex6_pipeline to None, run_after=None
[2026-02-07T23:06:41.505+0000] {processor.py:183} INFO - Processing /opt/airflow/dags/ex6_pipeline.py took 0.087 seconds
[2026-02-07T23:07:12.364+0000] {processor.py:161} INFO - Started process (PID=274) to work on /opt/airflow/dags/ex6_pipeline.py
[2026-02-07T23:07:12.365+0000] {processor.py:830} INFO - Processing file /opt/airflow/dags/ex6_pipeline.py for tasks to queue
[2026-02-07T23:07:12.366+0000] {logging_mixin.py:188} INFO - [2026-02-07T23:07:12.366+0000] {dagbag.py:545} INFO - Filling up the DagBag from /opt/airflow/dags/ex6_pipeline.py
[2026-02-07T23:07:12.383+0000] {processor.py:840} INFO - DAG(s) 'ex6_pipeline' retrieved from /opt/airflow/dags/ex6_pipeline.py
[2026-02-07T23:07:12.418+0000] {logging_mixin.py:188} INFO - [2026-02-07T23:07:12.417+0000] {dag.py:3089} INFO - Sync 1 DAGs
[2026-02-07T23:07:12.430+0000] {logging_mixin.py:188} INFO - [2026-02-07T23:07:12.430+0000] {dag.py:3947} INFO - Setting next_dagrun for ex6_pipeline to None, run_after=None
[2026-02-07T23:07:12.451+0000] {processor.py:183} INFO - Processing /opt/airflow/dags/ex6_pipeline.py took 0.091 seconds
[2026-02-07T23:07:43.087+0000] {processor.py:161} INFO - Started process (PID=284) to work on /opt/airflow/dags/ex6_pipeline.py
[2026-02-07T23:07:43.088+0000] {processor.py:830} INFO - Processing file /opt/airflow/dags/ex6_pipeline.py for tasks to queue
[2026-02-07T23:07:43.090+0000] {logging_mixin.py:188} INFO - [2026-02-07T23:07:43.089+0000] {dagbag.py:545} INFO - Filling up the DagBag from /opt/airflow/dags/ex6_pipeline.py
[2026-02-07T23:07:43.111+0000] {processor.py:840} INFO - DAG(s) 'ex6_pipeline' retrieved from /opt/airflow/dags/ex6_pipeline.py
[2026-02-07T23:07:43.146+0000] {logging_mixin.py:188} INFO - [2026-02-07T23:07:43.146+0000] {dag.py:3089} INFO - Sync 1 DAGs
[2026-02-07T23:07:43.163+0000] {logging_mixin.py:188} INFO - [2026-02-07T23:07:43.163+0000] {dag.py:3947} INFO - Setting next_dagrun for ex6_pipeline to None, run_after=None
[2026-02-07T23:07:43.183+0000] {processor.py:183} INFO - Processing /opt/airflow/dags/ex6_pipeline.py took 0.103 seconds
[2026-02-07T23:08:13.882+0000] {processor.py:161} INFO - Started process (PID=294) to work on /opt/airflow/dags/ex6_pipeline.py
[2026-02-07T23:08:13.884+0000] {processor.py:830} INFO - Processing file /opt/airflow/dags/ex6_pipeline.py for tasks to queue
[2026-02-07T23:08:13.886+0000] {logging_mixin.py:188} INFO - [2026-02-07T23:08:13.886+0000] {dagbag.py:545} INFO - Filling up the DagBag from /opt/airflow/dags/ex6_pipeline.py
[2026-02-07T23:08:13.906+0000] {processor.py:840} INFO - DAG(s) 'ex6_pipeline' retrieved from /opt/airflow/dags/ex6_pipeline.py
[2026-02-07T23:08:13.945+0000] {logging_mixin.py:188} INFO - [2026-02-07T23:08:13.945+0000] {dag.py:3089} INFO - Sync 1 DAGs
[2026-02-07T23:08:13.958+0000] {logging_mixin.py:188} INFO - [2026-02-07T23:08:13.958+0000] {dag.py:3947} INFO - Setting next_dagrun for ex6_pipeline to None, run_after=None
[2026-02-07T23:08:13.975+0000] {processor.py:183} INFO - Processing /opt/airflow/dags/ex6_pipeline.py took 0.098 seconds
[2026-02-07T23:08:44.195+0000] {processor.py:161} INFO - Started process (PID=304) to work on /opt/airflow/dags/ex6_pipeline.py
[2026-02-07T23:08:44.196+0000] {processor.py:830} INFO - Processing file /opt/airflow/dags/ex6_pipeline.py for tasks to queue
[2026-02-07T23:08:44.198+0000] {logging_mixin.py:188} INFO - [2026-02-07T23:08:44.197+0000] {dagbag.py:545} INFO - Filling up the DagBag from /opt/airflow/dags/ex6_pipeline.py
[2026-02-07T23:08:44.219+0000] {processor.py:840} INFO - DAG(s) 'ex6_pipeline' retrieved from /opt/airflow/dags/ex6_pipeline.py
[2026-02-07T23:08:44.251+0000] {logging_mixin.py:188} INFO - [2026-02-07T23:08:44.251+0000] {dag.py:3089} INFO - Sync 1 DAGs
[2026-02-07T23:08:44.264+0000] {logging_mixin.py:188} INFO - [2026-02-07T23:08:44.263+0000] {dag.py:3947} INFO - Setting next_dagrun for ex6_pipeline to None, run_after=None
[2026-02-07T23:08:44.284+0000] {processor.py:183} INFO - Processing /opt/airflow/dags/ex6_pipeline.py took 0.094 seconds
[2026-02-07T23:09:14.940+0000] {processor.py:161} INFO - Started process (PID=314) to work on /opt/airflow/dags/ex6_pipeline.py
[2026-02-07T23:09:14.941+0000] {processor.py:830} INFO - Processing file /opt/airflow/dags/ex6_pipeline.py for tasks to queue
[2026-02-07T23:09:14.943+0000] {logging_mixin.py:188} INFO - [2026-02-07T23:09:14.943+0000] {dagbag.py:545} INFO - Filling up the DagBag from /opt/airflow/dags/ex6_pipeline.py
[2026-02-07T23:09:14.964+0000] {processor.py:840} INFO - DAG(s) 'ex6_pipeline' retrieved from /opt/airflow/dags/ex6_pipeline.py
[2026-02-07T23:09:14.997+0000] {logging_mixin.py:188} INFO - [2026-02-07T23:09:14.997+0000] {dag.py:3089} INFO - Sync 1 DAGs
[2026-02-07T23:09:15.010+0000] {logging_mixin.py:188} INFO - [2026-02-07T23:09:15.009+0000] {dag.py:3947} INFO - Setting next_dagrun for ex6_pipeline to None, run_after=None
[2026-02-07T23:09:15.028+0000] {processor.py:183} INFO - Processing /opt/airflow/dags/ex6_pipeline.py took 0.093 seconds
[2026-02-07T23:09:45.198+0000] {processor.py:161} INFO - Started process (PID=324) to work on /opt/airflow/dags/ex6_pipeline.py
[2026-02-07T23:09:45.200+0000] {processor.py:830} INFO - Processing file /opt/airflow/dags/ex6_pipeline.py for tasks to queue
[2026-02-07T23:09:45.201+0000] {logging_mixin.py:188} INFO - [2026-02-07T23:09:45.201+0000] {dagbag.py:545} INFO - Filling up the DagBag from /opt/airflow/dags/ex6_pipeline.py
[2026-02-07T23:09:45.221+0000] {processor.py:840} INFO - DAG(s) 'ex6_pipeline' retrieved from /opt/airflow/dags/ex6_pipeline.py
[2026-02-07T23:09:45.252+0000] {logging_mixin.py:188} INFO - [2026-02-07T23:09:45.252+0000] {dag.py:3089} INFO - Sync 1 DAGs
[2026-02-07T23:09:45.265+0000] {logging_mixin.py:188} INFO - [2026-02-07T23:09:45.265+0000] {dag.py:3947} INFO - Setting next_dagrun for ex6_pipeline to None, run_after=None
[2026-02-07T23:09:45.281+0000] {processor.py:183} INFO - Processing /opt/airflow/dags/ex6_pipeline.py took 0.088 seconds
[2026-02-07T23:10:15.965+0000] {processor.py:161} INFO - Started process (PID=334) to work on /opt/airflow/dags/ex6_pipeline.py
[2026-02-07T23:10:15.966+0000] {processor.py:830} INFO - Processing file /opt/airflow/dags/ex6_pipeline.py for tasks to queue
[2026-02-07T23:10:15.968+0000] {logging_mixin.py:188} INFO - [2026-02-07T23:10:15.968+0000] {dagbag.py:545} INFO - Filling up the DagBag from /opt/airflow/dags/ex6_pipeline.py
[2026-02-07T23:10:15.988+0000] {processor.py:840} INFO - DAG(s) 'ex6_pipeline' retrieved from /opt/airflow/dags/ex6_pipeline.py
[2026-02-07T23:10:16.022+0000] {logging_mixin.py:188} INFO - [2026-02-07T23:10:16.022+0000] {dag.py:3089} INFO - Sync 1 DAGs
[2026-02-07T23:10:16.035+0000] {logging_mixin.py:188} INFO - [2026-02-07T23:10:16.035+0000] {dag.py:3947} INFO - Setting next_dagrun for ex6_pipeline to None, run_after=None
[2026-02-07T23:10:16.054+0000] {processor.py:183} INFO - Processing /opt/airflow/dags/ex6_pipeline.py took 0.094 seconds
[2026-02-07T23:10:46.921+0000] {processor.py:161} INFO - Started process (PID=344) to work on /opt/airflow/dags/ex6_pipeline.py
[2026-02-07T23:10:46.922+0000] {processor.py:830} INFO - Processing file /opt/airflow/dags/ex6_pipeline.py for tasks to queue
[2026-02-07T23:10:46.925+0000] {logging_mixin.py:188} INFO - [2026-02-07T23:10:46.925+0000] {dagbag.py:545} INFO - Filling up the DagBag from /opt/airflow/dags/ex6_pipeline.py
[2026-02-07T23:10:46.946+0000] {processor.py:840} INFO - DAG(s) 'ex6_pipeline' retrieved from /opt/airflow/dags/ex6_pipeline.py
[2026-02-07T23:10:46.979+0000] {logging_mixin.py:188} INFO - [2026-02-07T23:10:46.979+0000] {dag.py:3089} INFO - Sync 1 DAGs
[2026-02-07T23:10:46.993+0000] {logging_mixin.py:188} INFO - [2026-02-07T23:10:46.992+0000] {dag.py:3947} INFO - Setting next_dagrun for ex6_pipeline to None, run_after=None
[2026-02-07T23:10:47.011+0000] {processor.py:183} INFO - Processing /opt/airflow/dags/ex6_pipeline.py took 0.097 seconds
